app/build/outputs/logs/manifest-merger-debug-report.txt
-- Merging decision tree log ---
manifest
ADDED from src\main\AndroidManifest.xml:1:1-46:12
	package
		ADDED from src\main\AndroidManifest.xml:2:5-30
		INJECTED from src\main\AndroidManifest.xml
		INJECTED from src\main\AndroidManifest.xml
	android:versionName
		INJECTED from src\main\AndroidManifest.xml
		INJECTED from src\main\AndroidManifest.xml
	xmlns:android
		ADDED from src\main\AndroidManifest.xml:1:11-69
	android:versionCode
		INJECTED from src\main\AndroidManifest.xml
		INJECTED from src\main\AndroidManifest.xml
uses-permission#android.permission.BLUETOOTH
ADDED from src\main\AndroidManifest.xml:6:5-68
	android:name
		ADDED from src\main\AndroidManifest.xml:6:22-65
uses-permission#android.permission.BLUETOOTH_ADMIN
ADDED from src\main\AndroidManifest.xml:7:5-74
	android:name
		ADDED from src\main\AndroidManifest.xml:7:22-71
uses-permission#android.permission.MOUNT_UNMOUNT_FILESYSTEMS
ADDED from src\main\AndroidManifest.xml:8:5-84
	android:name
		ADDED from src\main\AndroidManifest.xml:8:22-81
uses-permission#android.permission.READ_PHONE_STATE
ADDED from src\main\AndroidManifest.xml:9:5-75
	android:name
		ADDED from src\main\AndroidManifest.xml:9:22-72
uses-permission#android.permission.ACCESS_WIFI_STATE
ADDED from src\main\AndroidManifest.xml:10:5-76
	android:name
		ADDED from src\main\AndroidManifest.xml:10:22-73
uses-permission#android.permission.GET_TASKS
ADDED from src\main\AndroidManifest.xml:11:5-68
	android:name
		ADDED from src\main\AndroidManifest.xml:11:22-65
uses-permission#android.permission.INTERACT_ACROSS_USERS_FULL
ADDED from src\main\AndroidManifest.xml:12:5-85
	android:name
		ADDED from src\main\AndroidManifest.xml:12:22-82
uses-permission#android.permission.MANAGE_DOCUMENTS
ADDED from src\main\AndroidManifest.xml:13:5-75
	android:name
		ADDED from src\main\AndroidManifest.xml:13:22-72
uses-permission#android.permission.WRITE_EXTERNAL_STORAGE
ADDED from src\main\AndroidManifest.xml:14:5-81
	android:name
		ADDED from src\main\AndroidManifest.xml:14:22-78
uses-permission#android.permission.INTERNET
ADDED from src\main\AndroidManifest.xml:17:5-67
	android:name
		ADDED from src\main\AndroidManifest.xml:17:22-64
uses-permission#android.permission.ACCESS_NETWORK_STATE
ADDED from src\main\AndroidManifest.xml:18:5-79
	android:name
		ADDED from src\main\AndroidManifest.xml:18:22-76
uses-permission#android.permission.REORDER_TASKS
ADDED from src\main\AndroidManifest.xml:22:5-72
	android:name
		ADDED from src\main\AndroidManifest.xml:22:22-69
uses-feature#android.hardware.bluetooth_le
ADDED from src\main\AndroidManifest.xml:24:5-26:35
	android:required
		ADDED from src\main\AndroidManifest.xml:26:9-32
	android:name
		ADDED from src\main\AndroidManifest.xml:25:9-53
application
ADDED from src\main\AndroidManifest.xml:28:5-44:19
MERGED from [com.android.support:appcompat-v7:24.2.1] AndroidManifest.xml:25:5-20
MERGED from [com.android.support:support-v4:24.2.1] AndroidManifest.xml:25:5-20
MERGED from [com.android.support:support-fragment:24.2.1] AndroidManifest.xml:25:5-20
MERGED from [com.android.support:support-media-compat:24.2.1] AndroidManifest.xml:25:5-20
MERGED from [com.android.support:support-core-ui:24.2.1] AndroidManifest.xml:25:5-20
MERGED from [com.android.support:support-core-utils:24.2.1] AndroidManifest.xml:25:5-20
MERGED from [com.android.support:animated-vector-drawable:24.2.1] AndroidManifest.xml:22:5-20
MERGED from [com.android.support:support-vector-drawable:24.2.1] AndroidManifest.xml:23:5-20
MERGED from [com.android.support:support-compat:24.2.1] AndroidManifest.xml:25:5-20
	android:label
		ADDED from src\main\AndroidManifest.xml:32:9-41
	android:supportsRtl
		ADDED from src\main\AndroidManifest.xml:33:9-35
	android:allowBackup
		ADDED from src\main\AndroidManifest.xml:30:9-35
	android:icon
		ADDED from src\main\AndroidManifest.xml:31:9-43
	android:theme
		ADDED from src\main\AndroidManifest.xml:34:9-62
	android:name
		ADDED from src\main\AndroidManifest.xml:29:9-33
activity#cloudtoo.blelib.MainActivity
ADDED from src\main\AndroidManifest.xml:35:9-41:20
	android:name
		ADDED from src\main\AndroidManifest.xml:35:19-47
intent-filter#android.intent.action.MAIN+android.intent.category.LAUNCHER
ADDED from src\main\AndroidManifest.xml:36:13-40:29
action#android.intent.action.MAIN
ADDED from src\main\AndroidManifest.xml:37:17-69
	android:name
		ADDED from src\main\AndroidManifest.xml:37:25-66
category#android.intent.category.LAUNCHER
ADDED from src\main\AndroidManifest.xml:39:17-77
	android:name
		ADDED from src\main\AndroidManifest.xml:39:27-74
activity#cloudtoo.blelib.BleCMDActivity
ADDED from src\main\AndroidManifest.xml:42:9-61
	android:name
		ADDED from src\main\AndroidManifest.xml:42:19-49
service#com.blelibrary.service.BluetoothLeService
ADDED from src\main\AndroidManifest.xml:43:9-99
	android:enabled
		ADDED from src\main\AndroidManifest.xml:43:75-97
	android:name
		ADDED from src\main\AndroidManifest.xml:43:18-74
uses-sdk
INJECTED from src\main\AndroidManifest.xml reason: use-sdk injection requested
MERGED from [com.android.support:appcompat-v7:24.2.1] AndroidManifest.xml:21:5-23:78
MERGED from [com.android.support:support-v4:24.2.1] AndroidManifest.xml:21:5-23:54
MERGED from [com.android.support:support-fragment:24.2.1] AndroidManifest.xml:21:5-23:60
MERGED from [com.android.support:support-media-compat:24.2.1] AndroidManifest.xml:21:5-23:63
MERGED from [com.android.support:support-core-ui:24.2.1] AndroidManifest.xml:21:5-23:58
MERGED from [com.android.support:support-core-utils:24.2.1] AndroidManifest.xml:21:5-23:61
MERGED from [com.android.support:animated-vector-drawable:24.2.1] AndroidManifest.xml:20:5-44
MERGED from [com.android.support:support-vector-drawable:24.2.1] AndroidManifest.xml:21:5-43
MERGED from [com.android.support:support-compat:24.2.1] AndroidManifest.xml:21:5-23:58
	tools:overrideLibrary
		ADDED from [com.android.support:appcompat-v7:24.2.1] AndroidManifest.xml:23:9-75
	android:targetSdkVersion
		INJECTED from src\main\AndroidManifest.xml
		INJECTED from src\main\AndroidManifest.xml
	android:minSdkVersion
		INJECTED from src\main\AndroidManifest.xml
		INJECTED from src\main\AndroidManifest.xml